<?xml version="1.0" encoding="UTF-8"?>
<testsuite name="com.github.jesty.mapstrukt.converter.MapstruktGeneratorTest" tests="1" skipped="0" failures="0" errors="0" timestamp="2019-04-18T23:58:21" hostname="Davides-MBP-2.station" time="5.541">
  <properties/>
  <testcase name="testGenerator()" classname="com.github.jesty.mapstrukt.converter.MapstruktGeneratorTest" time="5.541"/>
  <system-out><![CDATA[Mapping methods #1
Inherit Inverse Configuration methods #1
Creating extension function org.mapstruct.example.kotlin.model.Person.convertToDto for convertToDto(org.mapstruct.example.kotlin.model.Person) in PersonConverter
Creating extension function org.mapstruct.example.kotlin.dto.PersonDto.convertToModel for convertToModel(org.mapstruct.example.kotlin.dto.PersonDto) in PersonConverter
]]></system-out>
  <system-err><![CDATA[]]></system-err>
</testsuite>
