<?xml version="1.0" encoding="UTF-8"?>
<testsuite name="org.mapstruct.example.kotlin.converter.PersonConverterTest" tests="4" skipped="0" failures="0" errors="0" timestamp="2019-04-19T05:44:32" hostname="Davides-MBP-2.station" time="0.098">
  <properties/>
  <testcase name="testConvertToModel()" classname="org.mapstruct.example.kotlin.converter.PersonConverterTest" time="0.091"/>
  <testcase name="testConvertToDtoExtendFunction()" classname="org.mapstruct.example.kotlin.converter.PersonConverterTest" time="0.002"/>
  <testcase name="testConvertToDto()" classname="org.mapstruct.example.kotlin.converter.PersonConverterTest" time="0.001"/>
  <testcase name="testConvertToModelExtendFunctio()" classname="org.mapstruct.example.kotlin.converter.PersonConverterTest" time="0.001"/>
  <system-out><![CDATA[]]></system-out>
  <system-err><![CDATA[]]></system-err>
</testsuite>
